<?xml version="1.0" encoding="utf-8"?><testsuites name="pytest tests"><testsuite name="pytest" errors="0" failures="0" skipped="0" tests="30" time="9.476" timestamp="2026-06-10T18:21:11.479452+00:00" hostname="agent-env-02beef30-9d68-4076-a733-2d1179fefb21"><testcase classname="backend.tests.test_npw_backend" name="test_health_root" time="0.207" /><testcase classname="backend.tests.test_npw_backend" name="test_owner_register" time="0.373" /><testcase classname="backend.tests.test_npw_backend" name="test_owner_login" time="0.281" /><testcase classname="backend.tests.test_npw_backend" name="test_owner_login_bad_password" time="0.279" /><testcase classname="backend.tests.test_npw_backend" name="test_auth_me" time="0.060" /><testcase classname="backend.tests.test_npw_backend" name="test_auth_me_unauthenticated" time="0.201" /><testcase classname="backend.tests.test_npw_backend" name="test_pet_create" time="0.055" /><testcase classname="backend.tests.test_npw_backend" name="test_pets_mine" time="0.059" /><testcase classname="backend.tests.test_npw_backend" name="test_pet_public_detail" time="0.054" /><testcase classname="backend.tests.test_npw_backend" name="test_pet_qr" time="0.073" /><testcase classname="backend.tests.test_npw_backend" name="test_lost_report_create" time="3.277" /><testcase classname="backend.tests.test_npw_backend" name="test_lost_list_includes_pet" time="0.060" /><testcase classname="backend.tests.test_npw_backend" name="test_found_report_create" time="0.125" /><testcase classname="backend.tests.test_npw_backend" name="test_found_list" time="0.065" /><testcase classname="backend.tests.test_npw_backend" name="test_sighting_create_emails_owner" time="2.073" /><testcase classname="backend.tests.test_npw_backend" name="test_search_returns_pet" time="0.050" /><testcase classname="backend.tests.test_npw_backend" name="test_map_markers" time="0.061" /><testcase classname="backend.tests.test_npw_backend" name="test_vet_register" time="0.387" /><testcase classname="backend.tests.test_npw_backend" name="test_rescue_register" time="0.345" /><testcase classname="backend.tests.test_npw_backend" name="test_subscription_checkout_mocked" time="0.115" /><testcase classname="backend.tests.test_npw_backend" name="test_subscription_cancel" time="0.120" /><testcase classname="backend.tests.test_npw_backend" name="test_donation_create_and_capture_mocked" time="0.117" /><testcase classname="backend.tests.test_npw_backend" name="test_support_ticket" time="0.058" /><testcase classname="backend.tests.test_npw_backend" name="test_public_image_upload" time="0.178" /><testcase classname="backend.tests.test_npw_backend" name="test_admin_stats" time="0.347" /><testcase classname="backend.tests.test_npw_backend" name="test_admin_users" time="0.060" /><testcase classname="backend.tests.test_npw_backend" name="test_admin_pets" time="0.059" /><testcase classname="backend.tests.test_npw_backend" name="test_admin_email_log" time="0.058" /><testcase classname="backend.tests.test_npw_backend" name="test_admin_requires_admin_role" time="0.120" /><testcase classname="backend.tests.test_npw_backend" name="test_zz_cleanup_pet" time="0.054" /></testsuite></testsuites>